2023-04-12 06:24:40,721 - utils.logger - DEBUG - Debug message
2023-04-12 06:24:40,722 - utils.logger - INFO - Info message
2023-04-12 06:24:40,722 - utils.logger - WARNING - Warning message
2023-04-12 06:24:40,722 - utils.logger - ERROR - Error message
2023-04-12 06:24:40,722 - utils.logger - CRITICAL - Critical message
2023-04-12 06:24:54,801 - utils.logger - DEBUG - Debug message
2023-04-12 06:24:54,802 - utils.logger - INFO - Info message
2023-04-12 06:24:54,802 - utils.logger - WARNING - Warning message
2023-04-12 06:24:54,802 - utils.logger - ERROR - Error message
2023-04-12 06:24:54,802 - utils.logger - CRITICAL - Critical message
2023-04-12 06:27:43,253 - utils.logger - DEBUG - Debug message
2023-04-12 06:27:43,253 - utils.logger - INFO - Info message
2023-04-12 06:27:43,253 - utils.logger - WARNING - Warning message
2023-04-12 06:27:43,253 - utils.logger - ERROR - Error message
2023-04-12 06:27:43,254 - utils.logger - CRITICAL - Critical message
2023-04-12 06:31:08,976 - utils.logger - DEBUG - Debug message
2023-04-12 06:31:08,976 - utils.logger - INFO - Info message
2023-04-12 06:31:08,976 - utils.logger - WARNING - Warning message
2023-04-12 06:31:08,976 - utils.logger - ERROR - Error message
2023-04-12 06:31:08,977 - utils.logger - CRITICAL - Critical message
2023-04-12 06:31:27,006 - utils.logger - DEBUG - Debug message
2023-04-12 06:31:27,006 - utils.logger - INFO - Info message
2023-04-12 06:31:27,006 - utils.logger - WARNING - Warning message
2023-04-12 06:31:27,006 - utils.logger - ERROR - Error message
2023-04-12 06:31:27,006 - utils.logger - CRITICAL - Critical message
2023-04-12 06:38:12,972 - utils.logger - DEBUG - Debug message
2023-04-12 06:38:12,972 - utils.logger - INFO - Info message
2023-04-12 06:38:12,972 - utils.logger - WARNING - Warning message
2023-04-12 06:38:12,972 - utils.logger - ERROR - Error message
2023-04-12 06:38:12,972 - utils.logger - CRITICAL - Critical message
2023-04-12 06:41:09,898 - utils.logger - DEBUG - Debug message
2023-04-12 06:41:09,899 - utils.logger - INFO - Info message
2023-04-12 06:41:09,899 - utils.logger - WARNING - Warning message
2023-04-12 06:41:09,899 - utils.logger - ERROR - Error message
2023-04-12 06:41:09,899 - utils.logger - CRITICAL - Critical message
2023-04-12 06:41:24,259 - utils.logger - DEBUG - Debug message
2023-04-12 06:41:24,259 - utils.logger - INFO - Info message
2023-04-12 06:41:24,259 - utils.logger - WARNING - Warning message
2023-04-12 06:41:24,259 - utils.logger - ERROR - Error message
2023-04-12 06:41:24,259 - utils.logger - CRITICAL - Critical message
2023-04-12 06:52:02,945 - utils.logger - DEBUG - Debug message
2023-04-12 06:52:02,946 - utils.logger - INFO - Info message
2023-04-12 06:52:02,946 - utils.logger - WARNING - Warning message
2023-04-12 06:52:02,946 - utils.logger - ERROR - Error message
2023-04-12 06:52:02,946 - utils.logger - CRITICAL - Critical message
2023-04-12 06:52:22,397 - utils.logger - DEBUG - Debug message
2023-04-12 06:52:22,398 - utils.logger - INFO - Info message
2023-04-12 06:52:22,398 - utils.logger - WARNING - Warning message
2023-04-12 06:52:22,398 - utils.logger - ERROR - Error message
2023-04-12 06:52:22,398 - utils.logger - CRITICAL - Critical message
2023-04-12 06:56:04,418 - utils.logger - DEBUG - Debug message
2023-04-12 06:56:04,419 - utils.logger - INFO - Info message
2023-04-12 06:56:04,419 - utils.logger - WARNING - Warning message
2023-04-12 06:56:04,419 - utils.logger - ERROR - Error message
2023-04-12 06:56:04,419 - utils.logger - CRITICAL - Critical message
2023-04-12 07:02:23,023 - utils.logger - DEBUG - Debug message
2023-04-12 07:02:23,024 - utils.logger - INFO - Info message
2023-04-12 07:02:23,024 - utils.logger - WARNING - Warning message
2023-04-12 07:02:23,024 - utils.logger - ERROR - Error message
2023-04-12 07:02:23,024 - utils.logger - CRITICAL - Critical message
2023-04-12 07:02:35,384 - utils.logger - DEBUG - Debug message
2023-04-12 07:02:35,384 - utils.logger - INFO - Info message
2023-04-12 07:02:35,384 - utils.logger - WARNING - Warning message
2023-04-12 07:02:35,384 - utils.logger - ERROR - Error message
2023-04-12 07:02:35,384 - utils.logger - CRITICAL - Critical message
2023-04-12 07:04:49,268 - utils.logger - DEBUG - Debug message
2023-04-12 07:04:49,269 - utils.logger - INFO - Info message
2023-04-12 07:04:49,269 - utils.logger - WARNING - Warning message
2023-04-12 07:04:49,269 - utils.logger - ERROR - Error message
2023-04-12 07:04:49,269 - utils.logger - CRITICAL - Critical message
